d:\cntt\project\giaithuatlaptrinh\graphicc++\giaithuat\giaithuat\x64\debug\qrc_source.obj
d:\cntt\project\giaithuatlaptrinh\graphicc++\giaithuat\giaithuat\x64\debug\main.obj
d:\cntt\project\giaithuatlaptrinh\graphicc++\giaithuat\giaithuat\x64\debug\moc_source.obj
d:\cntt\project\giaithuatlaptrinh\graphicc++\giaithuat\giaithuat\x64\debug\qrc_source.asm
d:\cntt\project\giaithuatlaptrinh\graphicc++\giaithuat\giaithuat\x64\debug\moc_source.asm
d:\cntt\project\giaithuatlaptrinh\graphicc++\giaithuat\giaithuat\x64\debug\vc142.pdb
d:\cntt\project\giaithuatlaptrinh\graphicc++\giaithuat\giaithuat\x64\debug\source.obj
d:\cntt\project\giaithuatlaptrinh\graphicc++\giaithuat\giaithuat\generatedfiles\ui_source.h
d:\cntt\project\giaithuatlaptrinh\graphicc++\giaithuat\giaithuat\generatedfiles\ui_widget.h
d:\cntt\project\giaithuatlaptrinh\graphicc++\giaithuat\giaithuat\generatedfiles\qrc_source.cpp
d:\cntt\project\giaithuatlaptrinh\graphicc++\giaithuat\giaithuat\generatedfiles\debug\moc_source.cpp
d:\cntt\project\giaithuatlaptrinh\graphicc++\giaithuat\x64\debug\giaithuat.exe
d:\cntt\project\giaithuatlaptrinh\graphicc++\giaithuat\x64\debug\giaithuat.ilk
d:\cntt\project\giaithuatlaptrinh\graphicc++\giaithuat\x64\debug\giaithuat.pdb
d:\cntt\project\giaithuatlaptrinh\graphicc++\giaithuat\giaithuat\.\generatedfiles\debug\moc_source.cpp
d:\cntt\project\giaithuatlaptrinh\graphicc++\giaithuat\giaithuat\.\generatedfiles\qrc_source.cpp
d:\cntt\project\giaithuatlaptrinh\graphicc++\giaithuat\giaithuat\.\generatedfiles\ui_source.h
d:\cntt\project\giaithuatlaptrinh\graphicc++\giaithuat\giaithuat\x64\debug\giaithuat.tlog\cl.command.1.tlog
d:\cntt\project\giaithuatlaptrinh\graphicc++\giaithuat\giaithuat\x64\debug\giaithuat.tlog\cl.read.1.tlog
d:\cntt\project\giaithuatlaptrinh\graphicc++\giaithuat\giaithuat\x64\debug\giaithuat.tlog\cl.write.1.tlog
d:\cntt\project\giaithuatlaptrinh\graphicc++\giaithuat\giaithuat\x64\debug\giaithuat.tlog\giaithuat.write.1u.tlog
d:\cntt\project\giaithuatlaptrinh\graphicc++\giaithuat\giaithuat\x64\debug\giaithuat.tlog\link.11916.delete.1.tlog
d:\cntt\project\giaithuatlaptrinh\graphicc++\giaithuat\giaithuat\x64\debug\giaithuat.tlog\link.14020.delete.1.tlog
d:\cntt\project\giaithuatlaptrinh\graphicc++\giaithuat\giaithuat\x64\debug\giaithuat.tlog\link.16480.delete.1.tlog
d:\cntt\project\giaithuatlaptrinh\graphicc++\giaithuat\giaithuat\x64\debug\giaithuat.tlog\link.5732.delete.1.tlog
d:\cntt\project\giaithuatlaptrinh\graphicc++\giaithuat\giaithuat\x64\debug\giaithuat.tlog\link.6964.delete.1.tlog
d:\cntt\project\giaithuatlaptrinh\graphicc++\giaithuat\giaithuat\x64\debug\giaithuat.tlog\link.7392.delete.1.tlog
d:\cntt\project\giaithuatlaptrinh\graphicc++\giaithuat\giaithuat\x64\debug\giaithuat.tlog\link.8232.delete.1.tlog
d:\cntt\project\giaithuatlaptrinh\graphicc++\giaithuat\giaithuat\x64\debug\giaithuat.tlog\link.command.1.tlog
d:\cntt\project\giaithuatlaptrinh\graphicc++\giaithuat\giaithuat\x64\debug\giaithuat.tlog\link.delete.1.tlog
d:\cntt\project\giaithuatlaptrinh\graphicc++\giaithuat\giaithuat\x64\debug\giaithuat.tlog\link.read.1.tlog
d:\cntt\project\giaithuatlaptrinh\graphicc++\giaithuat\giaithuat\x64\debug\giaithuat.tlog\link.write.1.tlog
d:\cntt\project\giaithuatlaptrinh\graphicc++\giaithuat\giaithuat\x64\debug\giaithuat.tlog\moc.read.1u.tlog
d:\cntt\project\giaithuatlaptrinh\graphicc++\giaithuat\giaithuat\x64\debug\giaithuat.tlog\moc.write.1u.tlog
d:\cntt\project\giaithuatlaptrinh\graphicc++\giaithuat\giaithuat\x64\debug\giaithuat.tlog\rcc.read.1u.tlog
d:\cntt\project\giaithuatlaptrinh\graphicc++\giaithuat\giaithuat\x64\debug\giaithuat.tlog\rcc.write.1u.tlog
d:\cntt\project\giaithuatlaptrinh\graphicc++\giaithuat\giaithuat\x64\debug\giaithuat.tlog\uic.read.1u.tlog
d:\cntt\project\giaithuatlaptrinh\graphicc++\giaithuat\giaithuat\x64\debug\giaithuat.tlog\uic.write.1u.tlog
